2026-01-12T14:23:03: 
============================================================
2026-01-12T14:23:03: 🚀 SERVER IS RUNNING ..........                             
2026-01-12T14:23:03: ============================================================
2026-01-12T14:23:03:    📍 Local:   http://localhost:1001
2026-01-12T14:23:03:    📍 Network: http://192.168.19.37:1001
2026-01-12T14:23:03:    📍 API:     /api/*
2026-01-12T14:23:03: ============================================================
2026-01-12T14:23:03: 📊 Database: homecare@127.0.0.1:5432
2026-01-12T14:23:03: ============================================================

2026-01-12T14:24:55: 
============================================================
2026-01-12T14:24:55: 🚀 SERVER IS RUNNING ..........                             
2026-01-12T14:24:55: ============================================================
2026-01-12T14:24:55:    📍 Local:   http://localhost:1001
2026-01-12T14:24:55:    📍 Network: http://192.168.19.37:1001
2026-01-12T14:24:55:    📍 API:     /api/*
2026-01-12T14:24:55: ============================================================
2026-01-12T14:24:55: 📊 Database: homecare@127.0.0.1:5432
2026-01-12T14:24:55: ============================================================

2026-01-12T14:27:10: 
============================================================
2026-01-12T14:27:10: 🚀 SERVER IS RUNNING ..........                             
2026-01-12T14:27:10: ============================================================
2026-01-12T14:27:10:    📍 Local:   http://localhost:1001
2026-01-12T14:27:10:    📍 Network: http://192.168.19.37:1001
2026-01-12T14:27:10:    📍 API:     /api/*
2026-01-12T14:27:10: ============================================================
2026-01-12T14:27:10: 📊 Database: homecare@127.0.0.1:5432
2026-01-12T14:27:10: ============================================================

2026-01-12T14:28:30: 
============================================================
2026-01-12T14:28:30: 🚀 SERVER IS RUNNING ..........                             
2026-01-12T14:28:30: ============================================================
2026-01-12T14:28:30:    📍 Local:   http://localhost:1001
2026-01-12T14:28:30:    📍 Network: http://192.168.19.37:1001
2026-01-12T14:28:30:    📍 API:     /api/*
2026-01-12T14:28:30: ============================================================
2026-01-12T14:28:30: 📊 Database: homecare@127.0.0.1:5432
2026-01-12T14:28:30: ============================================================

2026-01-12T14:28:44: 
2026-01-12T14:28:44: ============================================================
2026-01-12T14:28:44: 🚀 SERVER IS RUNNING ..........                             
2026-01-12T14:28:44: ============================================================
2026-01-12T14:28:44:    📍 Local:   http://localhost:2001
2026-01-12T14:28:44:    📍 Network: http://192.168.19.37:2001
2026-01-12T14:28:44:    📍 API:     /api/*
2026-01-12T14:28:44: ============================================================
2026-01-12T14:28:44: 📊 Database: homecare@127.0.0.1:5432
2026-01-12T14:28:44: ============================================================
2026-01-12T14:28:44: 
2026-01-12T14:30:41: 
2026-01-12T14:30:41: ============================================================
2026-01-12T14:30:41: 🚀 SERVER IS RUNNING ..........                             
2026-01-12T14:30:41: ============================================================
2026-01-12T14:30:41:    📍 Local:   http://localhost:2001
2026-01-12T14:30:41:    📍 Network: http://192.168.19.37:2001
2026-01-12T14:30:41:    📍 API:     /api/*
2026-01-12T14:30:41: ============================================================
2026-01-12T14:30:41: 📊 Database: homecare@127.0.0.1:5432
2026-01-12T14:30:41: ============================================================
2026-01-12T14:30:41: 
2026-01-12T14:31:09: 
2026-01-12T14:31:09: ============================================================
2026-01-12T14:31:09: 🚀 SERVER IS RUNNING ..........                             
2026-01-12T14:31:09: ============================================================
2026-01-12T14:31:09:    📍 Local:   http://localhost:2001
2026-01-12T14:31:09:    📍 Network: http://192.168.19.37:2001
2026-01-12T14:31:09:    📍 API:     /api/*
2026-01-12T14:31:09: ============================================================
2026-01-12T14:31:09: 📊 Database: homecare@127.0.0.1:5432
2026-01-12T14:31:09: ============================================================
2026-01-12T14:31:09: 
2026-01-12T14:34:04: 
2026-01-12T14:34:04: ============================================================
2026-01-12T14:34:04: 🚀 SERVER IS RUNNING ..........                             
2026-01-12T14:34:04: ============================================================
2026-01-12T14:34:04:    📍 Local:   http://localhost:2001
2026-01-12T14:34:04:    📍 Network: http://192.168.19.37:2001
2026-01-12T14:34:04:    📍 API:     /api/*
2026-01-12T14:34:04: ============================================================
2026-01-12T14:34:04: 📊 Database: homecare@127.0.0.1:5432
2026-01-12T14:34:04: ============================================================
2026-01-12T14:34:04: 
2026-01-12T14:43:17: 🔐 Attempting login for phone: 0000000000
2026-01-12T14:43:17: 📊 Database: homecare@127.0.0.1:5432
2026-01-12T14:43:29: 🔐 Attempting login for phone: 0000000000
2026-01-12T14:43:29: 📊 Database: homecare@127.0.0.1:5432
2026-01-12T14:44:37: 🔐 Attempting login for phone: 0000000000
2026-01-12T14:44:37: 📊 Database: homecare@127.0.0.1:5432
2026-01-12T14:44:43: 🔐 Attempting login for phone: 0111111111
2026-01-12T14:44:43: 📊 Database: homecare@127.0.0.1:5432
2026-01-12T14:44:50: 
2026-01-12T14:44:50: ============================================================
2026-01-12T14:44:50: 🚀 SERVER IS RUNNING ..........                             
2026-01-12T14:44:50: ============================================================
2026-01-12T14:44:50:    📍 Local:   http://localhost:2001
2026-01-12T14:44:50:    📍 Network: http://192.168.19.37:2001
2026-01-12T14:44:50:    📍 API:     /api/*
2026-01-12T14:44:50: ============================================================
2026-01-12T14:44:50: 📊 Database: homecare@127.0.0.1:5432
2026-01-12T14:44:50: ============================================================
2026-01-12T14:44:50: 
2026-01-12T14:45:04: 🔐 Attempting login for phone: 0000000000
2026-01-12T14:45:04: 📊 Database: homecare@127.0.0.1:5432
2026-01-12T14:45:25: 
2026-01-12T14:45:25: ============================================================
2026-01-12T14:45:25: 🚀 SERVER IS RUNNING ..........                             
2026-01-12T14:45:25: ============================================================
2026-01-12T14:45:25:    📍 Local:   http://localhost:2001
2026-01-12T14:45:25:    📍 Network: http://192.168.19.37:2001
2026-01-12T14:45:25:    📍 API:     /api/*
2026-01-12T14:45:25: ============================================================
2026-01-12T14:45:25: 📊 Database: homecare@127.0.0.1:5432
2026-01-12T14:45:25: ============================================================
2026-01-12T14:45:25: 
2026-01-12T14:46:41: 
2026-01-12T14:46:41: ============================================================
2026-01-12T14:46:41: 🚀 SERVER IS RUNNING ..........                             
2026-01-12T14:46:41: ============================================================
2026-01-12T14:46:41:    📍 Local:   http://localhost:2001
2026-01-12T14:46:41:    📍 Network: http://192.168.19.37:2001
2026-01-12T14:46:41:    📍 API:     /api/*
2026-01-12T14:46:41: ============================================================
2026-01-12T14:46:41: 📊 Database: homecare@127.0.0.1:5432
2026-01-12T14:46:41: ============================================================
2026-01-12T14:46:41: 
2026-01-12T14:47:28: 🔐 Attempting login for phone: 0000000000
2026-01-12T14:47:28: 📊 Database: homecare@127.0.0.1:5432
2026-01-12T14:47:35: 🔐 Attempting login for phone: 0000000000
2026-01-12T14:47:35: 📊 Database: homecare@127.0.0.1:5432
2026-01-12T14:48:47: 
2026-01-12T14:48:47: ============================================================
2026-01-12T14:48:47: 🚀 SERVER IS RUNNING ..........                             
2026-01-12T14:48:47: ============================================================
2026-01-12T14:48:47:    📍 Local:   http://localhost:2001
2026-01-12T14:48:47:    📍 Network: http://192.168.19.37:2001
2026-01-12T14:48:47:    📍 API:     /api/*
2026-01-12T14:48:47: ============================================================
2026-01-12T14:48:47: 📊 Database: homecare@127.0.0.1:5432
2026-01-12T14:48:47: ============================================================
2026-01-12T14:48:47: 
2026-01-12T14:48:52: 🔐 Attempting login for phone: 0000000000
2026-01-12T14:48:52: 📊 Database: homecare@127.0.0.1:5432
2026-01-12T14:49:03: 🔐 Attempting login for phone: 0000000000
2026-01-12T14:49:03: 📊 Database: homecare@127.0.0.1:5432
2026-01-12T14:50:08: 
2026-01-12T14:50:08: ============================================================
2026-01-12T14:50:08: 🚀 SERVER IS RUNNING ..........                             
2026-01-12T14:50:08: ============================================================
2026-01-12T14:50:08:    📍 Local:   http://localhost:2001
2026-01-12T14:50:08:    📍 Network: http://192.168.19.37:2001
2026-01-12T14:50:08:    📍 API:     /api/*
2026-01-12T14:50:08: ============================================================
2026-01-12T14:50:08: 📊 Database: homecare@127.0.0.1:5432
2026-01-12T14:50:08: ============================================================
2026-01-12T14:50:08: 
2026-01-12T14:50:15: 🔐 Attempting login for phone: 0000000000
2026-01-12T14:50:15: 📊 Database: homecare@127.0.0.1:5432
2026-01-12T14:50:15: ✅ Connected to homecare database
2026-01-12T14:50:15: 📊 Query result: 1 rows found
2026-01-12T14:50:15: ✅ Login successful for phone: 0000000000 (ID: 4, Role: 0 - admin)
2026-01-12T14:50:15: 📞 GET /api/water - กำลังดึงข้อมูลเครื่องกรองน้ำ...
2026-01-12T14:50:15: 📦 พบข้อมูลเครื่องกรองน้ำ: 4 รายการ [
2026-01-12T14:50:15:   {
2026-01-12T14:50:15:     id: 1,
2026-01-12T14:50:15:     watername: 'เครื่องกรองน้ำถังใหญ่ (นอกบ้าน)',
2026-01-12T14:50:15:     location: 'นอกบ้าน',
2026-01-12T14:50:15:     create_time: 2025-12-28T17:00:00.000Z,
2026-01-12T14:50:15:     name: 'coarse filter'
2026-01-12T14:50:15:   },
2026-01-12T14:50:15:   {
2026-01-12T14:50:15:     id: 2,
2026-01-12T14:50:15:     watername: 'เครื่องกรองน้ำสแตนเลส (นอกบ้าน)',
2026-01-12T14:50:15:     location: 'ห้องครัว',
2026-01-12T14:50:15:     create_time: 2025-12-28T17:00:00.000Z,
2026-01-12T14:50:15:     name: 'Cabon'
2026-01-12T14:50:15:   },
2026-01-12T14:50:15:   {
2026-01-12T14:50:15:     id: 4,
2026-01-12T14:50:15:     watername: 'เครื่องกรองน้ำดื่ม (ห้องครัว)',
2026-01-12T14:50:15:     location: 'ฟิตเนส',
2026-01-12T14:50:15:     create_time: 2025-12-28T17:00:00.000Z,
2026-01-12T14:50:15:     name: 'Monthly'
2026-01-12T14:50:15:   },
2026-01-12T14:50:15:   {
2026-01-12T14:50:15:     id: 3,
2026-01-12T14:50:15:     watername: 'เครื่องกรองน้ำดื่ม (ฟิตเนส)',
2026-01-12T14:50:15:     location: 'ในบ้าน',
2026-01-12T14:50:15:     create_time: 2025-12-28T17:00:00.000Z,
2026-01-12T14:50:15:     name: 'Monthly'
2026-01-12T14:50:15:   }
2026-01-12T14:50:15: ]
2026-01-12T14:50:17: 📊 Getting all users from loginphone table
2026-01-12T14:50:17: 📊 Getting all users from loginphone table
2026-01-12T14:50:49: 🔐 Attempting login for phone: 0000000000
2026-01-12T14:50:49: 📊 Database: homecare@127.0.0.1:5432
2026-01-12T14:50:49: ✅ Connected to homecare database
2026-01-12T14:50:49: 📊 Query result: 1 rows found
2026-01-12T14:50:49: ✅ Login successful for phone: 0000000000 (ID: 4, Role: 0 - admin)
2026-01-12T14:50:49: 📞 GET /api/water - กำลังดึงข้อมูลเครื่องกรองน้ำ...
2026-01-12T14:50:49: 📦 พบข้อมูลเครื่องกรองน้ำ: 4 รายการ [
2026-01-12T14:50:49:   {
2026-01-12T14:50:49:     id: 1,
2026-01-12T14:50:49:     watername: 'เครื่องกรองน้ำถังใหญ่ (นอกบ้าน)',
2026-01-12T14:50:49:     location: 'นอกบ้าน',
2026-01-12T14:50:49:     create_time: 2025-12-28T17:00:00.000Z,
2026-01-12T14:50:49:     name: 'coarse filter'
2026-01-12T14:50:49:   },
2026-01-12T14:50:49:   {
2026-01-12T14:50:49:     id: 2,
2026-01-12T14:50:49:     watername: 'เครื่องกรองน้ำสแตนเลส (นอกบ้าน)',
2026-01-12T14:50:49:     location: 'ห้องครัว',
2026-01-12T14:50:49:     create_time: 2025-12-28T17:00:00.000Z,
2026-01-12T14:50:49:     name: 'Cabon'
2026-01-12T14:50:49:   },
2026-01-12T14:50:49:   {
2026-01-12T14:50:49:     id: 4,
2026-01-12T14:50:49:     watername: 'เครื่องกรองน้ำดื่ม (ห้องครัว)',
2026-01-12T14:50:49:     location: 'ฟิตเนส',
2026-01-12T14:50:49:     create_time: 2025-12-28T17:00:00.000Z,
2026-01-12T14:50:49:     name: 'Monthly'
2026-01-12T14:50:49:   },
2026-01-12T14:50:49:   {
2026-01-12T14:50:49:     id: 3,
2026-01-12T14:50:49:     watername: 'เครื่องกรองน้ำดื่ม (ฟิตเนส)',
2026-01-12T14:50:49:     location: 'ในบ้าน',
2026-01-12T14:50:49:     create_time: 2025-12-28T17:00:00.000Z,
2026-01-12T14:50:49:     name: 'Monthly'
2026-01-12T14:50:49:   }
2026-01-12T14:50:49: ]
2026-01-12T14:56:08: 
2026-01-12T14:56:08: ============================================================
2026-01-12T14:56:08: 🚀 SERVER IS RUNNING ..........                             
2026-01-12T14:56:08: ============================================================
2026-01-12T14:56:08:    📍 Local:   http://localhost:2001
2026-01-12T14:56:08:    📍 Network: http://192.168.19.37:2001
2026-01-12T14:56:08:    📍 API:     /api/*
2026-01-12T14:56:08: ============================================================
2026-01-12T14:56:08: 📊 Database: homecare@127.0.0.1:5432
2026-01-12T14:56:08: ============================================================
2026-01-12T14:56:08: 
2026-01-12T14:56:10: 📊 Getting all users from loginphone table
2026-01-12T14:56:10: ✅ Connected to homecare database
2026-01-12T14:56:10: ✅ Connected to homecare database
2026-01-12T14:56:10: 📊 Getting all users from loginphone table
2026-01-12T14:56:10: 📞 GET /api/water - กำลังดึงข้อมูลเครื่องกรองน้ำ...
2026-01-12T14:56:10: 📦 พบข้อมูลเครื่องกรองน้ำ: 4 รายการ [
2026-01-12T14:56:10:   {
2026-01-12T14:56:10:     id: 1,
2026-01-12T14:56:10:     watername: 'เครื่องกรองน้ำถังใหญ่ (นอกบ้าน)',
2026-01-12T14:56:10:     location: 'นอกบ้าน',
2026-01-12T14:56:10:     create_time: 2025-12-28T17:00:00.000Z,
2026-01-12T14:56:10:     name: 'coarse filter'
2026-01-12T14:56:10:   },
2026-01-12T14:56:10:   {
2026-01-12T14:56:10:     id: 2,
2026-01-12T14:56:10:     watername: 'เครื่องกรองน้ำสแตนเลส (นอกบ้าน)',
2026-01-12T14:56:10:     location: 'ห้องครัว',
2026-01-12T14:56:10:     create_time: 2025-12-28T17:00:00.000Z,
2026-01-12T14:56:10:     name: 'Cabon'
2026-01-12T14:56:10:   },
2026-01-12T14:56:10:   {
2026-01-12T14:56:10:     id: 4,
2026-01-12T14:56:10:     watername: 'เครื่องกรองน้ำดื่ม (ห้องครัว)',
2026-01-12T14:56:10:     location: 'ฟิตเนส',
2026-01-12T14:56:10:     create_time: 2025-12-28T17:00:00.000Z,
2026-01-12T14:56:10:     name: 'Monthly'
2026-01-12T14:56:10:   },
2026-01-12T14:56:10:   {
2026-01-12T14:56:10:     id: 3,
2026-01-12T14:56:10:     watername: 'เครื่องกรองน้ำดื่ม (ฟิตเนส)',
2026-01-12T14:56:10:     location: 'ในบ้าน',
2026-01-12T14:56:10:     create_time: 2025-12-28T17:00:00.000Z,
2026-01-12T14:56:10:     name: 'Monthly'
2026-01-12T14:56:10:   }
2026-01-12T14:56:10: ]
2026-01-12T14:56:10: 📊 Getting all users from loginphone table
2026-01-12T14:56:10: 📊 Getting all users from loginphone table
2026-01-12T14:57:02: 
2026-01-12T14:57:02: ============================================================
2026-01-12T14:57:02: 🚀 SERVER IS RUNNING ..........                             
2026-01-12T14:57:02: ============================================================
2026-01-12T14:57:02:    📍 Local:   http://localhost:2001
2026-01-12T14:57:02:    📍 Network: http://192.168.19.37:2001
2026-01-12T14:57:02:    📍 API:     /api/*
2026-01-12T14:57:02: ============================================================
2026-01-12T14:57:02: 📊 Database: homecare@127.0.0.1:5432
2026-01-12T14:57:02: ============================================================
2026-01-12T14:57:02: 
2026-01-12T14:57:04: 📊 Getting all users from loginphone table
2026-01-12T14:57:04: ✅ Connected to homecare database
2026-01-12T14:57:04: ✅ Connected to homecare database
2026-01-12T14:57:04: 📊 Getting all users from loginphone table
2026-01-12T14:57:04: 📞 GET /api/water - กำลังดึงข้อมูลเครื่องกรองน้ำ...
2026-01-12T14:57:04: 📦 พบข้อมูลเครื่องกรองน้ำ: 4 รายการ [
2026-01-12T14:57:04:   {
2026-01-12T14:57:04:     id: 1,
2026-01-12T14:57:04:     watername: 'เครื่องกรองน้ำถังใหญ่ (นอกบ้าน)',
2026-01-12T14:57:04:     location: 'นอกบ้าน',
2026-01-12T14:57:04:     create_time: 2025-12-28T17:00:00.000Z,
2026-01-12T14:57:04:     name: 'coarse filter'
2026-01-12T14:57:04:   },
2026-01-12T14:57:04:   {
2026-01-12T14:57:04:     id: 2,
2026-01-12T14:57:04:     watername: 'เครื่องกรองน้ำสแตนเลส (นอกบ้าน)',
2026-01-12T14:57:04:     location: 'ห้องครัว',
2026-01-12T14:57:04:     create_time: 2025-12-28T17:00:00.000Z,
2026-01-12T14:57:04:     name: 'Cabon'
2026-01-12T14:57:04:   },
2026-01-12T14:57:04:   {
2026-01-12T14:57:04:     id: 4,
2026-01-12T14:57:04:     watername: 'เครื่องกรองน้ำดื่ม (ห้องครัว)',
2026-01-12T14:57:04:     location: 'ฟิตเนส',
2026-01-12T14:57:04:     create_time: 2025-12-28T17:00:00.000Z,
2026-01-12T14:57:04:     name: 'Monthly'
2026-01-12T14:57:04:   },
2026-01-12T14:57:04:   {
2026-01-12T14:57:04:     id: 3,
2026-01-12T14:57:04:     watername: 'เครื่องกรองน้ำดื่ม (ฟิตเนส)',
2026-01-12T14:57:04:     location: 'ในบ้าน',
2026-01-12T14:57:04:     create_time: 2025-12-28T17:00:00.000Z,
2026-01-12T14:57:04:     name: 'Monthly'
2026-01-12T14:57:04:   }
2026-01-12T14:57:04: ]
2026-01-12T14:57:04: 📊 Getting all users from loginphone table
2026-01-12T14:57:04: 📊 Getting all users from loginphone table
2026-01-12T15:16:45: 
2026-01-12T15:16:45: ============================================================
2026-01-12T15:16:45: 🚀 SERVER IS RUNNING ..........                             
2026-01-12T15:16:45: ============================================================
2026-01-12T15:16:45:    📍 Local:   http://localhost:2001
2026-01-12T15:16:45:    📍 Network: http://192.168.19.37:2001
2026-01-12T15:16:45:    📍 API:     /api/*
2026-01-12T15:16:45: ============================================================
2026-01-12T15:16:45: 📊 Database: homecare@127.0.0.1:5432
2026-01-12T15:16:45: ============================================================
2026-01-12T15:16:45: 
2026-01-12T15:17:13: 🔐 Attempting login for phone: 0000000000
2026-01-12T15:17:13: 📊 Database: homecare@127.0.0.1:5432
2026-01-12T15:17:13: ✅ Connected to homecare database
2026-01-12T15:17:13: 📊 Query result: 1 rows found
2026-01-12T15:17:13: ✅ Login successful for phone: 0000000000 (ID: 4, Role: 0 - admin)
2026-01-12T15:17:13: 📞 GET /api/water - กำลังดึงข้อมูลเครื่องกรองน้ำ...
2026-01-12T15:17:13: 📦 พบข้อมูลเครื่องกรองน้ำ: 4 รายการ [
2026-01-12T15:17:13:   {
2026-01-12T15:17:13:     id: 1,
2026-01-12T15:17:13:     watername: 'เครื่องกรองน้ำถังใหญ่ (นอกบ้าน)',
2026-01-12T15:17:13:     location: 'นอกบ้าน',
2026-01-12T15:17:13:     create_time: 2025-12-28T17:00:00.000Z,
2026-01-12T15:17:13:     name: 'coarse filter'
2026-01-12T15:17:13:   },
2026-01-12T15:17:13:   {
2026-01-12T15:17:13:     id: 2,
2026-01-12T15:17:13:     watername: 'เครื่องกรองน้ำสแตนเลส (นอกบ้าน)',
2026-01-12T15:17:13:     location: 'ห้องครัว',
2026-01-12T15:17:13:     create_time: 2025-12-28T17:00:00.000Z,
2026-01-12T15:17:13:     name: 'Cabon'
2026-01-12T15:17:13:   },
2026-01-12T15:17:13:   {
2026-01-12T15:17:13:     id: 4,
2026-01-12T15:17:13:     watername: 'เครื่องกรองน้ำดื่ม (ห้องครัว)',
2026-01-12T15:17:13:     location: 'ฟิตเนส',
2026-01-12T15:17:13:     create_time: 2025-12-28T17:00:00.000Z,
2026-01-12T15:17:13:     name: 'Monthly'
2026-01-12T15:17:13:   },
2026-01-12T15:17:13:   {
2026-01-12T15:17:13:     id: 3,
2026-01-12T15:17:13:     watername: 'เครื่องกรองน้ำดื่ม (ฟิตเนส)',
2026-01-12T15:17:13:     location: 'ในบ้าน',
2026-01-12T15:17:13:     create_time: 2025-12-28T17:00:00.000Z,
2026-01-12T15:17:13:     name: 'Monthly'
2026-01-12T15:17:13:   }
2026-01-12T15:17:13: ]
2026-01-12T15:17:14: 📊 Getting all users from loginphone table
2026-01-12T15:17:14: 📊 Getting all users from loginphone table
2026-01-12T15:29:44: 
2026-01-12T15:29:44: ============================================================
2026-01-12T15:29:44: 🚀 SERVER IS RUNNING ..........                             
2026-01-12T15:29:44: ============================================================
2026-01-12T15:29:44:    📍 Local:   http://localhost:2001
2026-01-12T15:29:44:    📍 Network: http://192.168.19.37:2001
2026-01-12T15:29:44:    📍 API:     /api/*
2026-01-12T15:29:44: ============================================================
2026-01-12T15:29:44: 📊 Database: homecare@127.0.0.1:5432
2026-01-12T15:29:44: ============================================================
2026-01-12T15:29:44: 
2026-01-12T15:31:31: 
2026-01-12T15:31:31: ============================================================
2026-01-12T15:31:31: 🚀 SERVER IS RUNNING ..........                             
2026-01-12T15:31:31: ============================================================
2026-01-12T15:31:31:    📍 Local:   http://localhost:2001
2026-01-12T15:31:31:    📍 Network: http://192.168.19.37:2001
2026-01-12T15:31:31:    📍 API:     /api/*
2026-01-12T15:31:31: ============================================================
2026-01-12T15:31:31: 📊 Database: homecare@127.0.0.1:5432
2026-01-12T15:31:31: ============================================================
2026-01-12T15:31:31: 
2026-01-12T15:46:14: 🔐 Attempting login for phone: 0000000000
2026-01-12T15:46:14: 📊 Database: homecare@127.0.0.1:5432
2026-01-12T15:46:14: ✅ Connected to homecare database
2026-01-12T15:46:14: 📊 Query result: 1 rows found
2026-01-12T15:46:14: ✅ Login successful for phone: 0000000000 (ID: 4, Role: 0 - admin)
2026-01-12T15:46:14: 📞 GET /api/water - กำลังดึงข้อมูลเครื่องกรองน้ำ...
2026-01-12T15:46:14: 📦 พบข้อมูลเครื่องกรองน้ำ: 4 รายการ [
2026-01-12T15:46:14:   {
2026-01-12T15:46:14:     id: 1,
2026-01-12T15:46:14:     watername: 'เครื่องกรองน้ำถังใหญ่ (นอกบ้าน)',
2026-01-12T15:46:14:     location: 'นอกบ้าน',
2026-01-12T15:46:14:     create_time: 2025-12-28T17:00:00.000Z,
2026-01-12T15:46:14:     name: 'coarse filter'
2026-01-12T15:46:14:   },
2026-01-12T15:46:14:   {
2026-01-12T15:46:14:     id: 2,
2026-01-12T15:46:14:     watername: 'เครื่องกรองน้ำสแตนเลส (นอกบ้าน)',
2026-01-12T15:46:14:     location: 'ห้องครัว',
2026-01-12T15:46:14:     create_time: 2025-12-28T17:00:00.000Z,
2026-01-12T15:46:14:     name: 'Cabon'
2026-01-12T15:46:14:   },
2026-01-12T15:46:14:   {
2026-01-12T15:46:14:     id: 4,
2026-01-12T15:46:14:     watername: 'เครื่องกรองน้ำดื่ม (ห้องครัว)',
2026-01-12T15:46:14:     location: 'ฟิตเนส',
2026-01-12T15:46:14:     create_time: 2025-12-28T17:00:00.000Z,
2026-01-12T15:46:14:     name: 'Monthly'
2026-01-12T15:46:14:   },
2026-01-12T15:46:14:   {
2026-01-12T15:46:14:     id: 3,
2026-01-12T15:46:14:     watername: 'เครื่องกรองน้ำดื่ม (ฟิตเนส)',
2026-01-12T15:46:14:     location: 'ในบ้าน',
2026-01-12T15:46:14:     create_time: 2025-12-28T17:00:00.000Z,
2026-01-12T15:46:14:     name: 'Monthly'
2026-01-12T15:46:14:   }
2026-01-12T15:46:14: ]
2026-01-12T15:47:37: 🔐 Attempting login for phone: 0000000000
2026-01-12T15:47:37: 📊 Database: homecare@127.0.0.1:5432
2026-01-12T15:47:37: ✅ Connected to homecare database
2026-01-12T15:47:37: 📊 Query result: 1 rows found
2026-01-12T15:47:37: ✅ Login successful for phone: 0000000000 (ID: 4, Role: 0 - admin)
2026-01-12T15:47:37: 📞 GET /api/water - กำลังดึงข้อมูลเครื่องกรองน้ำ...
2026-01-12T15:47:37: 📦 พบข้อมูลเครื่องกรองน้ำ: 4 รายการ [
2026-01-12T15:47:37:   {
2026-01-12T15:47:37:     id: 1,
2026-01-12T15:47:37:     watername: 'เครื่องกรองน้ำถังใหญ่ (นอกบ้าน)',
2026-01-12T15:47:37:     location: 'นอกบ้าน',
2026-01-12T15:47:37:     create_time: 2025-12-28T17:00:00.000Z,
2026-01-12T15:47:37:     name: 'coarse filter'
2026-01-12T15:47:37:   },
2026-01-12T15:47:37:   {
2026-01-12T15:47:37:     id: 2,
2026-01-12T15:47:37:     watername: 'เครื่องกรองน้ำสแตนเลส (นอกบ้าน)',
2026-01-12T15:47:37:     location: 'ห้องครัว',
2026-01-12T15:47:37:     create_time: 2025-12-28T17:00:00.000Z,
2026-01-12T15:47:37:     name: 'Cabon'
2026-01-12T15:47:37:   },
2026-01-12T15:47:37:   {
2026-01-12T15:47:37:     id: 4,
2026-01-12T15:47:37:     watername: 'เครื่องกรองน้ำดื่ม (ห้องครัว)',
2026-01-12T15:47:37:     location: 'ฟิตเนส',
2026-01-12T15:47:37:     create_time: 2025-12-28T17:00:00.000Z,
2026-01-12T15:47:37:     name: 'Monthly'
2026-01-12T15:47:37:   },
2026-01-12T15:47:37:   {
2026-01-12T15:47:37:     id: 3,
2026-01-12T15:47:37:     watername: 'เครื่องกรองน้ำดื่ม (ฟิตเนส)',
2026-01-12T15:47:37:     location: 'ในบ้าน',
2026-01-12T15:47:37:     create_time: 2025-12-28T17:00:00.000Z,
2026-01-12T15:47:37:     name: 'Monthly'
2026-01-12T15:47:37:   }
2026-01-12T15:47:37: ]
2026-01-12T15:49:26: 🔐 Attempting login for phone: 0000000000
2026-01-12T15:49:26: 📊 Database: homecare@127.0.0.1:5432
2026-01-12T15:49:26: ✅ Connected to homecare database
2026-01-12T15:49:26: 📊 Query result: 1 rows found
2026-01-12T15:49:26: ✅ Login successful for phone: 0000000000 (ID: 4, Role: 0 - admin)
2026-01-12T15:49:27: 📞 GET /api/water - กำลังดึงข้อมูลเครื่องกรองน้ำ...
2026-01-12T15:49:27: 📦 พบข้อมูลเครื่องกรองน้ำ: 4 รายการ [
2026-01-12T15:49:27:   {
2026-01-12T15:49:27:     id: 1,
2026-01-12T15:49:27:     watername: 'เครื่องกรองน้ำถังใหญ่ (นอกบ้าน)',
2026-01-12T15:49:27:     location: 'นอกบ้าน',
2026-01-12T15:49:27:     create_time: 2025-12-28T17:00:00.000Z,
2026-01-12T15:49:27:     name: 'coarse filter'
2026-01-12T15:49:27:   },
2026-01-12T15:49:27:   {
2026-01-12T15:49:27:     id: 2,
2026-01-12T15:49:27:     watername: 'เครื่องกรองน้ำสแตนเลส (นอกบ้าน)',
2026-01-12T15:49:27:     location: 'ห้องครัว',
2026-01-12T15:49:27:     create_time: 2025-12-28T17:00:00.000Z,
2026-01-12T15:49:27:     name: 'Cabon'
2026-01-12T15:49:27:   },
2026-01-12T15:49:27:   {
2026-01-12T15:49:27:     id: 4,
2026-01-12T15:49:27:     watername: 'เครื่องกรองน้ำดื่ม (ห้องครัว)',
2026-01-12T15:49:27:     location: 'ฟิตเนส',
2026-01-12T15:49:27:     create_time: 2025-12-28T17:00:00.000Z,
2026-01-12T15:49:27:     name: 'Monthly'
2026-01-12T15:49:27:   },
2026-01-12T15:49:27:   {
2026-01-12T15:49:27:     id: 3,
2026-01-12T15:49:27:     watername: 'เครื่องกรองน้ำดื่ม (ฟิตเนส)',
2026-01-12T15:49:27:     location: 'ในบ้าน',
2026-01-12T15:49:27:     create_time: 2025-12-28T17:00:00.000Z,
2026-01-12T15:49:27:     name: 'Monthly'
2026-01-12T15:49:27:   }
2026-01-12T15:49:27: ]
2026-01-12T16:18:27: 🔐 Attempting login for phone: 0000000000
2026-01-12T16:18:27: 📊 Database: homecare@127.0.0.1:5432
2026-01-12T16:18:27: ✅ Connected to homecare database
2026-01-12T16:18:27: 📊 Query result: 1 rows found
2026-01-12T16:18:27: ✅ Login successful for phone: 0000000000 (ID: 4, Role: 0 - admin)
2026-01-12T16:18:28: 📞 GET /api/water - กำลังดึงข้อมูลเครื่องกรองน้ำ...
2026-01-12T16:18:28: 📦 พบข้อมูลเครื่องกรองน้ำ: 4 รายการ [
2026-01-12T16:18:28:   {
2026-01-12T16:18:28:     id: 1,
2026-01-12T16:18:28:     watername: 'เครื่องกรองน้ำถังใหญ่ (นอกบ้าน)',
2026-01-12T16:18:28:     location: 'นอกบ้าน',
2026-01-12T16:18:28:     create_time: 2025-12-28T17:00:00.000Z,
2026-01-12T16:18:28:     name: 'coarse filter'
2026-01-12T16:18:28:   },
2026-01-12T16:18:28:   {
2026-01-12T16:18:28:     id: 2,
2026-01-12T16:18:28:     watername: 'เครื่องกรองน้ำสแตนเลส (นอกบ้าน)',
2026-01-12T16:18:28:     location: 'ห้องครัว',
2026-01-12T16:18:28:     create_time: 2025-12-28T17:00:00.000Z,
2026-01-12T16:18:28:     name: 'Cabon'
2026-01-12T16:18:28:   },
2026-01-12T16:18:28:   {
2026-01-12T16:18:28:     id: 4,
2026-01-12T16:18:28:     watername: 'เครื่องกรองน้ำดื่ม (ห้องครัว)',
2026-01-12T16:18:28:     location: 'ฟิตเนส',
2026-01-12T16:18:28:     create_time: 2025-12-28T17:00:00.000Z,
2026-01-12T16:18:28:     name: 'Monthly'
2026-01-12T16:18:28:   },
2026-01-12T16:18:28:   {
2026-01-12T16:18:28:     id: 3,
2026-01-12T16:18:28:     watername: 'เครื่องกรองน้ำดื่ม (ฟิตเนส)',
2026-01-12T16:18:28:     location: 'ในบ้าน',
2026-01-12T16:18:28:     create_time: 2025-12-28T17:00:00.000Z,
2026-01-12T16:18:28:     name: 'Monthly'
2026-01-12T16:18:28:   }
2026-01-12T16:18:28: ]
2026-01-12T16:23:36: ✅ Connected to homecare database
2026-01-12T16:23:36: 📞 GET /api/water - กำลังดึงข้อมูลเครื่องกรองน้ำ...
2026-01-12T16:23:36: 📦 พบข้อมูลเครื่องกรองน้ำ: 4 รายการ [
2026-01-12T16:23:36:   {
2026-01-12T16:23:36:     id: 1,
2026-01-12T16:23:36:     watername: 'เครื่องกรองน้ำถังใหญ่ (นอกบ้าน)',
2026-01-12T16:23:36:     location: 'นอกบ้าน',
2026-01-12T16:23:36:     create_time: 2025-12-28T17:00:00.000Z,
2026-01-12T16:23:36:     name: 'coarse filter'
2026-01-12T16:23:36:   },
2026-01-12T16:23:36:   {
2026-01-12T16:23:36:     id: 2,
2026-01-12T16:23:36:     watername: 'เครื่องกรองน้ำสแตนเลส (นอกบ้าน)',
2026-01-12T16:23:36:     location: 'ห้องครัว',
2026-01-12T16:23:36:     create_time: 2025-12-28T17:00:00.000Z,
2026-01-12T16:23:36:     name: 'Cabon'
2026-01-12T16:23:36:   },
2026-01-12T16:23:36:   {
2026-01-12T16:23:36:     id: 4,
2026-01-12T16:23:36:     watername: 'เครื่องกรองน้ำดื่ม (ห้องครัว)',
2026-01-12T16:23:36:     location: 'ฟิตเนส',
2026-01-12T16:23:36:     create_time: 2025-12-28T17:00:00.000Z,
2026-01-12T16:23:36:     name: 'Monthly'
2026-01-12T16:23:36:   },
2026-01-12T16:23:36:   {
2026-01-12T16:23:36:     id: 3,
2026-01-12T16:23:36:     watername: 'เครื่องกรองน้ำดื่ม (ฟิตเนส)',
2026-01-12T16:23:36:     location: 'ในบ้าน',
2026-01-12T16:23:36:     create_time: 2025-12-28T17:00:00.000Z,
2026-01-12T16:23:36:     name: 'Monthly'
2026-01-12T16:23:36:   }
2026-01-12T16:23:36: ]
2026-01-12T16:27:02: 🔐 Attempting login for phone: 0000000000
2026-01-12T16:27:02: 📊 Database: homecare@127.0.0.1:5432
2026-01-12T16:27:02: ✅ Connected to homecare database
2026-01-12T16:27:02: 📊 Query result: 1 rows found
2026-01-12T16:27:02: ✅ Login successful for phone: 0000000000 (ID: 4, Role: 0 - admin)
2026-01-12T16:27:03: 📞 GET /api/water - กำลังดึงข้อมูลเครื่องกรองน้ำ...
2026-01-12T16:27:03: 📦 พบข้อมูลเครื่องกรองน้ำ: 4 รายการ [
2026-01-12T16:27:03:   {
2026-01-12T16:27:03:     id: 1,
2026-01-12T16:27:03:     watername: 'เครื่องกรองน้ำถังใหญ่ (นอกบ้าน)',
2026-01-12T16:27:03:     location: 'นอกบ้าน',
2026-01-12T16:27:03:     create_time: 2025-12-28T17:00:00.000Z,
2026-01-12T16:27:03:     name: 'coarse filter'
2026-01-12T16:27:03:   },
2026-01-12T16:27:03:   {
2026-01-12T16:27:03:     id: 2,
2026-01-12T16:27:03:     watername: 'เครื่องกรองน้ำสแตนเลส (นอกบ้าน)',
2026-01-12T16:27:03:     location: 'ห้องครัว',
2026-01-12T16:27:03:     create_time: 2025-12-28T17:00:00.000Z,
2026-01-12T16:27:03:     name: 'Cabon'
2026-01-12T16:27:03:   },
2026-01-12T16:27:03:   {
2026-01-12T16:27:03:     id: 4,
2026-01-12T16:27:03:     watername: 'เครื่องกรองน้ำดื่ม (ห้องครัว)',
2026-01-12T16:27:03:     location: 'ฟิตเนส',
2026-01-12T16:27:03:     create_time: 2025-12-28T17:00:00.000Z,
2026-01-12T16:27:03:     name: 'Monthly'
2026-01-12T16:27:03:   },
2026-01-12T16:27:03:   {
2026-01-12T16:27:03:     id: 3,
2026-01-12T16:27:03:     watername: 'เครื่องกรองน้ำดื่ม (ฟิตเนส)',
2026-01-12T16:27:03:     location: 'ในบ้าน',
2026-01-12T16:27:03:     create_time: 2025-12-28T17:00:00.000Z,
2026-01-12T16:27:03:     name: 'Monthly'
2026-01-12T16:27:03:   }
2026-01-12T16:27:03: ]
2026-01-12T16:27:04: 📊 Getting all users from loginphone table
2026-01-12T16:27:04: 📊 Getting all users from loginphone table
2026-01-12T16:27:11: ✅ Created new user: 0000000001 (role: 1)
2026-01-12T16:27:11: 📊 Getting all users from loginphone table
2026-01-12T16:27:15: ✅ Deleted user 8: 0000000001
2026-01-12T16:27:15: 📊 Getting all users from loginphone table
2026-01-12T16:27:20: ✅ Updated user 6: role = 1
2026-01-12T16:27:20: 📊 Getting all users from loginphone table
2026-01-12T16:27:23: ✅ Updated user 6: role = 2
2026-01-12T16:27:23: 📊 Getting all users from loginphone table
2026-01-12T17:02:59: 
2026-01-12T17:02:59: ============================================================
2026-01-12T17:02:59: 🚀 SERVER IS RUNNING ..........                             
2026-01-12T17:02:59: ============================================================
2026-01-12T17:02:59:    📍 Local:   http://localhost:2001
2026-01-12T17:02:59:    📍 Network: http://192.168.19.37:2001
2026-01-12T17:02:59:    📍 API:     /api/*
2026-01-12T17:02:59: ============================================================
2026-01-12T17:02:59: 📊 Database: homecare@127.0.0.1:5432
2026-01-12T17:02:59: ============================================================
2026-01-12T17:02:59: 
