2026-01-12T14:23:03: 
============================================================
2026-01-12T14:23:03: 🚀 SERVER IS RUNNING ..........                             
2026-01-12T14:23:03: ============================================================
2026-01-12T14:23:03:    📍 Local:   http://localhost:1001
2026-01-12T14:23:03:    📍 Network: http://192.168.19.37:1001
2026-01-12T14:23:03:    📍 API:     /api/*
2026-01-12T14:23:03: ============================================================
2026-01-12T14:23:03: 📊 Database: homecare@127.0.0.1:5432
2026-01-12T14:23:03: ============================================================

2026-01-12T14:24:56: 
============================================================
2026-01-12T14:24:56: 🚀 SERVER IS RUNNING ..........                             
2026-01-12T14:24:56: ============================================================
2026-01-12T14:24:56:    📍 Local:   http://localhost:1001
2026-01-12T14:24:56:    📍 Network: http://192.168.19.37:1001
2026-01-12T14:24:56:    📍 API:     /api/*
2026-01-12T14:24:56: ============================================================
2026-01-12T14:24:56: 📊 Database: homecare@127.0.0.1:5432
2026-01-12T14:24:56: ============================================================

2026-01-12T14:27:11: 
============================================================
2026-01-12T14:27:11: 🚀 SERVER IS RUNNING ..........                             
2026-01-12T14:27:11: ============================================================
2026-01-12T14:27:11:    📍 Local:   http://localhost:1001
2026-01-12T14:27:11:    📍 Network: http://192.168.19.37:1001
2026-01-12T14:27:11:    📍 API:     /api/*
2026-01-12T14:27:11: ============================================================
2026-01-12T14:27:11: 📊 Database: homecare@127.0.0.1:5432
2026-01-12T14:27:11: ============================================================

2026-01-12T14:28:31: 
============================================================
2026-01-12T14:28:31: 🚀 SERVER IS RUNNING ..........                             
2026-01-12T14:28:31: ============================================================
2026-01-12T14:28:31:    📍 Local:   http://localhost:1001
2026-01-12T14:28:31:    📍 Network: http://192.168.19.37:1001
2026-01-12T14:28:31:    📍 API:     /api/*
2026-01-12T14:28:31: ============================================================
2026-01-12T14:28:31: 📊 Database: homecare@127.0.0.1:5432
2026-01-12T14:28:31: ============================================================

