2026-01-12T14:23:03: 
============================================================
2026-01-12T14:23:03: 🚀 SERVER IS RUNNING ..........                             
2026-01-12T14:23:03: ============================================================
2026-01-12T14:23:03:    📍 Local:   http://localhost:1001
2026-01-12T14:23:03:    📍 Network: http://192.168.19.37:1001
2026-01-12T14:23:03:    📍 API:     /api/*
2026-01-12T14:23:03: ============================================================
2026-01-12T14:23:03: 📊 Database: homecare@127.0.0.1:5432
2026-01-12T14:23:03: ============================================================

2026-01-12T14:24:55: 
============================================================
2026-01-12T14:24:55: 🚀 SERVER IS RUNNING ..........                             
2026-01-12T14:24:55: ============================================================
2026-01-12T14:24:55:    📍 Local:   http://localhost:1001
2026-01-12T14:24:55:    📍 Network: http://192.168.19.37:1001
2026-01-12T14:24:55:    📍 API:     /api/*
2026-01-12T14:24:55: ============================================================
2026-01-12T14:24:55: 📊 Database: homecare@127.0.0.1:5432
2026-01-12T14:24:55: ============================================================

2026-01-12T14:27:10: 
============================================================
2026-01-12T14:27:10: 🚀 SERVER IS RUNNING ..........                             
2026-01-12T14:27:10: ============================================================
2026-01-12T14:27:10:    📍 Local:   http://localhost:1001
2026-01-12T14:27:10:    📍 Network: http://192.168.19.37:1001
2026-01-12T14:27:10:    📍 API:     /api/*
2026-01-12T14:27:10: ============================================================
2026-01-12T14:27:10: 📊 Database: homecare@127.0.0.1:5432
2026-01-12T14:27:10: ============================================================

2026-01-12T14:28:30: 
============================================================
2026-01-12T14:28:30: 🚀 SERVER IS RUNNING ..........                             
2026-01-12T14:28:30: ============================================================
2026-01-12T14:28:30:    📍 Local:   http://localhost:1001
2026-01-12T14:28:30:    📍 Network: http://192.168.19.37:1001
2026-01-12T14:28:30:    📍 API:     /api/*
2026-01-12T14:28:30: ============================================================
2026-01-12T14:28:30: 📊 Database: homecare@127.0.0.1:5432
2026-01-12T14:28:30: ============================================================

